{"/Users/irrg/src/squiggle/src/models/tempRole.js": {"path":"/Users/irrg/src/squiggle/src/models/tempRole.js","statementMap":{"0":{"start":{"line":3,"column":22},"end":{"line":38,"column":1}},"1":{"start":{"line":4,"column":19},"end":{"line":35,"column":3}},"2":{"start":{"line":37,"column":2},"end":{"line":37,"column":null}}},"fnMap":{"0":{"name":"(anonymous_0)","decl":{"start":{"line":3,"column":22},"end":{"line":3,"column":23}},"loc":{"start":{"line":3,"column":37},"end":{"line":38,"column":1}},"line":3}},"branchMap":{},"s":{"0":2,"1":9,"2":9},"f":{"0":9},"b":{},"meta":{"lastBranch":0,"lastFunction":1,"lastStatement":3,"seen":{"s:3:22:38:1":0,"f:3:22:3:23":0,"s:4:19:35:3":1,"s:37:2:37:Infinity":2},"fnNames":{}}}
,"/Users/irrg/src/squiggle/src/utils/canPostInChannel.js": {"path":"/Users/irrg/src/squiggle/src/utils/canPostInChannel.js","statementMap":{"0":{"start":{"line":8,"column":25},"end":{"line":16,"column":1}},"1":{"start":{"line":9,"column":2},"end":{"line":11,"column":null}},"2":{"start":{"line":10,"column":4},"end":{"line":10,"column":null}},"3":{"start":{"line":12,"column":2},"end":{"line":14,"column":null}},"4":{"start":{"line":13,"column":4},"end":{"line":13,"column":null}},"5":{"start":{"line":15,"column":2},"end":{"line":15,"column":14}}},"fnMap":{"0":{"name":"(anonymous_0)","decl":{"start":{"line":8,"column":25},"end":{"line":8,"column":26}},"loc":{"start":{"line":8,"column":42},"end":{"line":16,"column":1}},"line":8}},"branchMap":{"0":{"loc":{"start":{"line":9,"column":2},"end":{"line":11,"column":null}},"type":"if","locations":[{"start":{"line":9,"column":2},"end":{"line":11,"column":null}},{"start":{},"end":{}}],"line":9},"1":{"loc":{"start":{"line":9,"column":6},"end":{"line":9,"column":61}},"type":"binary-expr","locations":[{"start":{"line":9,"column":6},"end":{"line":9,"column":26}},{"start":{"line":9,"column":30},"end":{"line":9,"column":61}}],"line":9},"2":{"loc":{"start":{"line":12,"column":2},"end":{"line":14,"column":null}},"type":"if","locations":[{"start":{"line":12,"column":2},"end":{"line":14,"column":null}},{"start":{},"end":{}}],"line":12},"3":{"loc":{"start":{"line":12,"column":6},"end":{"line":12,"column":61}},"type":"binary-expr","locations":[{"start":{"line":12,"column":6},"end":{"line":12,"column":26}},{"start":{"line":12,"column":30},"end":{"line":12,"column":61}}],"line":12}},"s":{"0":1,"1":7,"2":4,"3":3,"4":2,"5":1},"f":{"0":7},"b":{"0":[4,3],"1":[7,4],"2":[2,1],"3":[3,2]},"meta":{"lastBranch":4,"lastFunction":1,"lastStatement":6,"seen":{"s:8:25:16:1":0,"f:8:25:8:26":0,"b:9:2:11:Infinity:undefined:undefined:undefined:undefined":0,"s:9:2:11:Infinity":1,"b:9:6:9:26:9:30:9:61":1,"s:10:4:10:Infinity":2,"b:12:2:14:Infinity:undefined:undefined:undefined:undefined":2,"s:12:2:14:Infinity":3,"b:12:6:12:26:12:30:12:61":3,"s:13:4:13:Infinity":4,"s:15:2:15:14":5},"fnNames":{}}}
,"/Users/irrg/src/squiggle/src/utils/sendDebugMessage.js": {"path":"/Users/irrg/src/squiggle/src/utils/sendDebugMessage.js","statementMap":{"0":{"start":{"line":11,"column":25},"end":{"line":54,"column":1}},"1":{"start":{"line":12,"column":16},"end":{"line":12,"column":37}},"2":{"start":{"line":13,"column":23},"end":{"line":13,"column":70}},"3":{"start":{"line":16,"column":28},"end":{"line":21,"column":4}},"4":{"start":{"line":17,"column":4},"end":{"line":19,"column":null}},"5":{"start":{"line":18,"column":6},"end":{"line":18,"column":null}},"6":{"start":{"line":20,"column":4},"end":{"line":20,"column":null}},"7":{"start":{"line":23,"column":21},"end":{"line":23,"column":49}},"8":{"start":{"line":24,"column":21},"end":{"line":31,"column":15}},"9":{"start":{"line":26,"column":6},"end":{"line":28,"column":null}},"10":{"start":{"line":27,"column":8},"end":{"line":27,"column":null}},"11":{"start":{"line":29,"column":6},"end":{"line":29,"column":null}},"12":{"start":{"line":34,"column":2},"end":{"line":34,"column":null}},"13":{"start":{"line":37,"column":2},"end":{"line":39,"column":null}},"14":{"start":{"line":38,"column":4},"end":{"line":38,"column":null}},"15":{"start":{"line":40,"column":2},"end":{"line":43,"column":null}},"16":{"start":{"line":41,"column":4},"end":{"line":41,"column":null}},"17":{"start":{"line":42,"column":4},"end":{"line":42,"column":41}},"18":{"start":{"line":45,"column":2},"end":{"line":45,"column":null}},"19":{"start":{"line":48,"column":23},"end":{"line":50,"column":3}},"20":{"start":{"line":49,"column":12},"end":{"line":49,"column":40}},"21":{"start":{"line":51,"column":2},"end":{"line":53,"column":null}},"22":{"start":{"line":52,"column":4},"end":{"line":52,"column":null}}},"fnMap":{"0":{"name":"(anonymous_0)","decl":{"start":{"line":11,"column":25},"end":{"line":11,"column":30}},"loc":{"start":{"line":11,"column":67},"end":{"line":54,"column":1}},"line":11},"1":{"name":"(anonymous_1)","decl":{"start":{"line":16,"column":45},"end":{"line":16,"column":46}},"loc":{"start":{"line":16,"column":54},"end":{"line":21,"column":3}},"line":16},"2":{"name":"(anonymous_2)","decl":{"start":{"line":25,"column":9},"end":{"line":25,"column":10}},"loc":{"start":{"line":25,"column":18},"end":{"line":30,"column":5}},"line":25},"3":{"name":"(anonymous_3)","decl":{"start":{"line":49,"column":4},"end":{"line":49,"column":5}},"loc":{"start":{"line":49,"column":12},"end":{"line":49,"column":40}},"line":49}},"branchMap":{"0":{"loc":{"start":{"line":11,"column":50},"end":{"line":11,"column":62}},"type":"default-arg","locations":[{"start":{"line":11,"column":60},"end":{"line":11,"column":62}}],"line":11},"1":{"loc":{"start":{"line":12,"column":16},"end":{"line":12,"column":37}},"type":"binary-expr","locations":[{"start":{"line":12,"column":16},"end":{"line":12,"column":29}},{"start":{"line":12,"column":33},"end":{"line":12,"column":37}}],"line":12},"2":{"loc":{"start":{"line":13,"column":23},"end":{"line":13,"column":70}},"type":"cond-expr","locations":[{"start":{"line":13,"column":49},"end":{"line":13,"column":57}},{"start":{"line":13,"column":60},"end":{"line":13,"column":70}}],"line":13},"3":{"loc":{"start":{"line":17,"column":4},"end":{"line":19,"column":null}},"type":"if","locations":[{"start":{"line":17,"column":4},"end":{"line":19,"column":null}},{"start":{},"end":{}}],"line":17},"4":{"loc":{"start":{"line":26,"column":6},"end":{"line":28,"column":null}},"type":"if","locations":[{"start":{"line":26,"column":6},"end":{"line":28,"column":null}},{"start":{},"end":{}}],"line":26},"5":{"loc":{"start":{"line":37,"column":2},"end":{"line":39,"column":null}},"type":"if","locations":[{"start":{"line":37,"column":2},"end":{"line":39,"column":null}},{"start":{},"end":{}}],"line":37},"6":{"loc":{"start":{"line":40,"column":2},"end":{"line":43,"column":null}},"type":"if","locations":[{"start":{"line":40,"column":2},"end":{"line":43,"column":null}},{"start":{},"end":{}}],"line":40},"7":{"loc":{"start":{"line":51,"column":2},"end":{"line":53,"column":null}},"type":"if","locations":[{"start":{"line":51,"column":2},"end":{"line":53,"column":null}},{"start":{},"end":{}}],"line":51}},"s":{"0":1,"1":6,"2":6,"3":6,"4":8,"5":2,"6":6,"7":6,"8":6,"9":8,"10":2,"11":6,"12":6,"13":6,"14":0,"15":6,"16":1,"17":1,"18":6,"19":6,"20":6,"21":6,"22":5},"f":{"0":6,"1":8,"2":8,"3":6},"b":{"0":[6],"1":[6,5],"2":[2,4],"3":[2,6],"4":[2,6],"5":[0,6],"6":[1,5],"7":[5,1]},"meta":{"lastBranch":8,"lastFunction":4,"lastStatement":23,"seen":{"s:11:25:54:1":0,"f:11:25:11:30":0,"b:11:60:11:62":0,"s:12:16:12:37":1,"b:12:16:12:29:12:33:12:37":1,"s:13:23:13:70":2,"b:13:49:13:57:13:60:13:70":2,"s:16:28:21:4":3,"f:16:45:16:46":1,"b:17:4:19:Infinity:undefined:undefined:undefined:undefined":3,"s:17:4:19:Infinity":4,"s:18:6:18:Infinity":5,"s:20:4:20:Infinity":6,"s:23:21:23:49":7,"s:24:21:31:15":8,"f:25:9:25:10":2,"b:26:6:28:Infinity:undefined:undefined:undefined:undefined":4,"s:26:6:28:Infinity":9,"s:27:8:27:Infinity":10,"s:29:6:29:Infinity":11,"s:34:2:34:Infinity":12,"b:37:2:39:Infinity:undefined:undefined:undefined:undefined":5,"s:37:2:39:Infinity":13,"s:38:4:38:Infinity":14,"b:40:2:43:Infinity:undefined:undefined:undefined:undefined":6,"s:40:2:43:Infinity":15,"s:41:4:41:Infinity":16,"s:42:4:42:41":17,"s:45:2:45:Infinity":18,"s:48:23:50:3":19,"f:49:4:49:5":3,"s:49:12:49:40":20,"b:51:2:53:Infinity:undefined:undefined:undefined:undefined":7,"s:51:2:53:Infinity":21,"s:52:4:52:Infinity":22},"fnNames":{}}}
,"/Users/irrg/src/squiggle/src/workers/temp-roles.js": {"path":"/Users/irrg/src/squiggle/src/workers/temp-roles.js","statementMap":{"0":{"start":{"line":4,"column":12},"end":{"line":90,"column":1}},"1":{"start":{"line":5,"column":19},"end":{"line":7,"column":22}},"2":{"start":{"line":9,"column":2},"end":{"line":89,"column":null}},"3":{"start":{"line":10,"column":22},"end":{"line":17,"column":6}},"4":{"start":{"line":19,"column":4},"end":{"line":83,"column":null}},"5":{"start":{"line":21,"column":22},"end":{"line":21,"column":63}},"6":{"start":{"line":22,"column":8},"end":{"line":25,"column":null}},"7":{"start":{"line":23,"column":10},"end":{"line":23,"column":null}},"8":{"start":{"line":24,"column":10},"end":{"line":24,"column":null}},"9":{"start":{"line":26,"column":21},"end":{"line":26,"column":59}},"10":{"start":{"line":27,"column":8},"end":{"line":30,"column":null}},"11":{"start":{"line":28,"column":10},"end":{"line":28,"column":null}},"12":{"start":{"line":29,"column":10},"end":{"line":29,"column":null}},"13":{"start":{"line":31,"column":23},"end":{"line":31,"column":67}},"14":{"start":{"line":32,"column":27},"end":{"line":32,"column":66}},"15":{"start":{"line":34,"column":30},"end":{"line":43,"column":10}},"16":{"start":{"line":45,"column":8},"end":{"line":81,"column":null}},"17":{"start":{"line":46,"column":26},"end":{"line":48,"column":12}},"18":{"start":{"line":49,"column":10},"end":{"line":57,"column":null}},"19":{"start":{"line":50,"column":24},"end":{"line":50,"column":67}},"20":{"start":{"line":51,"column":12},"end":{"line":51,"column":null}},"21":{"start":{"line":52,"column":12},"end":{"line":52,"column":null}},"22":{"start":{"line":54,"column":24},"end":{"line":54,"column":45}},"23":{"start":{"line":55,"column":12},"end":{"line":55,"column":null}},"24":{"start":{"line":56,"column":12},"end":{"line":56,"column":null}},"25":{"start":{"line":59,"column":22},"end":{"line":59,"column":76}},"26":{"start":{"line":60,"column":10},"end":{"line":60,"column":null}},"27":{"start":{"line":61,"column":10},"end":{"line":61,"column":null}},"28":{"start":{"line":62,"column":10},"end":{"line":62,"column":null}},"29":{"start":{"line":64,"column":26},"end":{"line":71,"column":12}},"30":{"start":{"line":72,"column":10},"end":{"line":80,"column":null}},"31":{"start":{"line":73,"column":25},"end":{"line":73,"column":146}},"32":{"start":{"line":74,"column":12},"end":{"line":74,"column":null}},"33":{"start":{"line":75,"column":12},"end":{"line":75,"column":null}},"34":{"start":{"line":77,"column":25},"end":{"line":77,"column":46}},"35":{"start":{"line":78,"column":12},"end":{"line":78,"column":null}},"36":{"start":{"line":79,"column":12},"end":{"line":79,"column":null}},"37":{"start":{"line":85,"column":16},"end":{"line":85,"column":42}},"38":{"start":{"line":86,"column":4},"end":{"line":86,"column":null}},"39":{"start":{"line":87,"column":4},"end":{"line":87,"column":null}},"40":{"start":{"line":88,"column":4},"end":{"line":88,"column":null}},"41":{"start":{"line":92,"column":17},"end":{"line":92,"column":22}}},"fnMap":{"0":{"name":"(anonymous_0)","decl":{"start":{"line":4,"column":12},"end":{"line":4,"column":17}},"loc":{"start":{"line":4,"column":41},"end":{"line":90,"column":1}},"line":4},"1":{"name":"(anonymous_1)","decl":{"start":{"line":20,"column":20},"end":{"line":20,"column":25}},"loc":{"start":{"line":20,"column":40},"end":{"line":82,"column":7}},"line":20}},"branchMap":{"0":{"loc":{"start":{"line":22,"column":8},"end":{"line":25,"column":null}},"type":"if","locations":[{"start":{"line":22,"column":8},"end":{"line":25,"column":null}},{"start":{},"end":{}}],"line":22},"1":{"loc":{"start":{"line":27,"column":8},"end":{"line":30,"column":null}},"type":"if","locations":[{"start":{"line":27,"column":8},"end":{"line":30,"column":null}},{"start":{},"end":{}}],"line":27},"2":{"loc":{"start":{"line":32,"column":27},"end":{"line":32,"column":66}},"type":"binary-expr","locations":[{"start":{"line":32,"column":27},"end":{"line":32,"column":42}},{"start":{"line":32,"column":46},"end":{"line":32,"column":66}}],"line":32},"3":{"loc":{"start":{"line":45,"column":8},"end":{"line":81,"column":null}},"type":"if","locations":[{"start":{"line":45,"column":8},"end":{"line":81,"column":null}},{"start":{"line":58,"column":15},"end":{"line":81,"column":null}}],"line":45},"4":{"loc":{"start":{"line":49,"column":10},"end":{"line":57,"column":null}},"type":"if","locations":[{"start":{"line":49,"column":10},"end":{"line":57,"column":null}},{"start":{"line":53,"column":17},"end":{"line":57,"column":null}}],"line":49},"5":{"loc":{"start":{"line":72,"column":10},"end":{"line":80,"column":null}},"type":"if","locations":[{"start":{"line":72,"column":10},"end":{"line":80,"column":null}},{"start":{"line":76,"column":17},"end":{"line":80,"column":null}}],"line":72}},"s":{"0":1,"1":7,"2":7,"3":7,"4":7,"5":7,"6":7,"7":1,"8":1,"9":6,"10":6,"11":1,"12":1,"13":5,"14":4,"15":7,"16":4,"17":1,"18":1,"19":1,"20":1,"21":1,"22":0,"23":0,"24":0,"25":3,"26":3,"27":3,"28":3,"29":3,"30":3,"31":3,"32":3,"33":3,"34":0,"35":0,"36":0,"37":1,"38":1,"39":1,"40":1,"41":1},"f":{"0":7,"1":7},"b":{"0":[1,6],"1":[1,5],"2":[4,4],"3":[1,3],"4":[1,0],"5":[3,0]},"meta":{"lastBranch":6,"lastFunction":2,"lastStatement":42,"seen":{"s:4:12:90:1":0,"f:4:12:4:17":0,"s:5:19:7:22":1,"s:9:2:89:Infinity":2,"s:10:22:17:6":3,"s:19:4:83:Infinity":4,"f:20:20:20:25":1,"s:21:22:21:63":5,"b:22:8:25:Infinity:undefined:undefined:undefined:undefined":0,"s:22:8:25:Infinity":6,"s:23:10:23:Infinity":7,"s:24:10:24:Infinity":8,"s:26:21:26:59":9,"b:27:8:30:Infinity:undefined:undefined:undefined:undefined":1,"s:27:8:30:Infinity":10,"s:28:10:28:Infinity":11,"s:29:10:29:Infinity":12,"s:31:23:31:67":13,"s:32:27:32:66":14,"b:32:27:32:42:32:46:32:66":2,"s:34:30:43:10":15,"b:45:8:81:Infinity:58:15:81:Infinity":3,"s:45:8:81:Infinity":16,"s:46:26:48:12":17,"b:49:10:57:Infinity:53:17:57:Infinity":4,"s:49:10:57:Infinity":18,"s:50:24:50:67":19,"s:51:12:51:Infinity":20,"s:52:12:52:Infinity":21,"s:54:24:54:45":22,"s:55:12:55:Infinity":23,"s:56:12:56:Infinity":24,"s:59:22:59:76":25,"s:60:10:60:Infinity":26,"s:61:10:61:Infinity":27,"s:62:10:62:Infinity":28,"s:64:26:71:12":29,"b:72:10:80:Infinity:76:17:80:Infinity":5,"s:72:10:80:Infinity":30,"s:73:25:73:146":31,"s:74:12:74:Infinity":32,"s:75:12:75:Infinity":33,"s:77:25:77:46":34,"s:78:12:78:Infinity":35,"s:79:12:79:Infinity":36,"s:85:16:85:42":37,"s:86:4:86:Infinity":38,"s:87:4:87:Infinity":39,"s:88:4:88:Infinity":40,"s:92:17:92:22":41},"fnNames":{}}}
}
